2025-10-04 16:07:35,813 - audio_debug - DEBUG - [vscode|iTerm:False] Initializing AudioRecorder
2025-10-04 16:07:35,813 - audio_debug - DEBUG - [vscode|iTerm:False] Sample rate: 16000, Chunk size: 1024
2025-10-04 16:07:35,813 - audio_debug - DEBUG - [vscode|iTerm:False] Creating PyAudio instance
2025-10-04 16:07:35,907 - audio_debug - DEBUG - [vscode|iTerm:False] PyAudio instance created
2025-10-04 16:07:35,907 - audio_debug - DEBUG - [vscode|iTerm:False] Finding input device
2025-10-04 16:07:35,907 - audio_debug - DEBUG - [vscode|iTerm:False] Starting input device search
2025-10-04 16:07:35,907 - audio_debug - DEBUG - [vscode|iTerm:False] Found 4 audio devices
2025-10-04 16:07:35,907 - audio_debug - DEBUG - [vscode|iTerm:False] Input device 0: Arshdeep’s iPhone Microphone
2025-10-04 16:07:35,907 - audio_debug - DEBUG - [vscode|iTerm:False] Input device 1: MacBook Air Microphone
2025-10-04 16:07:35,908 - audio_debug - DEBUG - [vscode|iTerm:False] Input device 3: Microsoft Teams Audio
2025-10-04 16:07:35,908 - audio_debug - DEBUG - [vscode|iTerm:False] Selected input device: 1
2025-10-04 16:13:19,897 - audio_debug - DEBUG - [iTerm.app|iTerm:True] Initializing AudioRecorder
2025-10-04 16:13:19,897 - audio_debug - DEBUG - [iTerm.app|iTerm:True] Sample rate: 16000, Chunk size: 1024
2025-10-04 16:13:19,898 - audio_debug - DEBUG - [iTerm.app|iTerm:True] Creating PyAudio instance
2025-10-04 16:13:20,051 - audio_debug - DEBUG - [iTerm.app|iTerm:True] PyAudio instance created
2025-10-04 16:13:20,051 - audio_debug - DEBUG - [iTerm.app|iTerm:True] Finding input device
2025-10-04 16:13:20,051 - audio_debug - DEBUG - [iTerm.app|iTerm:True] Starting input device search
2025-10-04 16:13:20,051 - audio_debug - DEBUG - [iTerm.app|iTerm:True] Found 4 audio devices
2025-10-04 16:13:20,051 - audio_debug - DEBUG - [iTerm.app|iTerm:True] Input device 0: Arshdeep’s iPhone Microphone
2025-10-04 16:13:20,051 - audio_debug - DEBUG - [iTerm.app|iTerm:True] Input device 1: MacBook Air Microphone
2025-10-04 16:13:20,051 - audio_debug - DEBUG - [iTerm.app|iTerm:True] Input device 3: Microsoft Teams Audio
2025-10-04 16:13:20,051 - audio_debug - DEBUG - [iTerm.app|iTerm:True] Selected input device: 1
2025-10-04 16:13:42,524 - audio_debug - DEBUG - [iTerm.app|iTerm:True] Initializing AudioRecorder
2025-10-04 16:13:42,524 - audio_debug - DEBUG - [iTerm.app|iTerm:True] Sample rate: 16000, Chunk size: 1024
2025-10-04 16:13:42,524 - audio_debug - DEBUG - [iTerm.app|iTerm:True] Creating PyAudio instance
2025-10-04 16:13:42,676 - audio_debug - DEBUG - [iTerm.app|iTerm:True] PyAudio instance created
2025-10-04 16:13:42,677 - audio_debug - DEBUG - [iTerm.app|iTerm:True] Finding input device
2025-10-04 16:13:42,677 - audio_debug - DEBUG - [iTerm.app|iTerm:True] Starting input device search
2025-10-04 16:13:42,677 - audio_debug - DEBUG - [iTerm.app|iTerm:True] Found 4 audio devices
2025-10-04 16:13:42,677 - audio_debug - DEBUG - [iTerm.app|iTerm:True] Input device 0: Arshdeep’s iPhone Microphone
2025-10-04 16:13:42,678 - audio_debug - DEBUG - [iTerm.app|iTerm:True] Input device 1: MacBook Air Microphone
2025-10-04 16:13:42,678 - audio_debug - DEBUG - [iTerm.app|iTerm:True] Input device 3: Microsoft Teams Audio
2025-10-04 16:13:42,678 - audio_debug - DEBUG - [iTerm.app|iTerm:True] Selected input device: 1
2025-10-04 16:15:30,723 - audio_debug - DEBUG - [Unknown|iTerm:False] Initializing AudioRecorder
2025-10-04 16:15:30,723 - audio_debug - DEBUG - [Unknown|iTerm:False] Sample rate: 16000, Chunk size: 1024
2025-10-04 16:15:30,723 - audio_debug - DEBUG - [Unknown|iTerm:False] Creating PyAudio instance
2025-10-04 16:15:30,811 - audio_debug - DEBUG - [Unknown|iTerm:False] PyAudio instance created
2025-10-04 16:15:30,811 - audio_debug - DEBUG - [Unknown|iTerm:False] Finding input device
2025-10-04 16:15:30,811 - audio_debug - DEBUG - [Unknown|iTerm:False] Starting input device search
2025-10-04 16:15:30,811 - audio_debug - DEBUG - [Unknown|iTerm:False] Found 4 audio devices
2025-10-04 16:15:30,811 - audio_debug - DEBUG - [Unknown|iTerm:False] Input device 0: Arshdeep’s iPhone Microphone
2025-10-04 16:15:30,811 - audio_debug - DEBUG - [Unknown|iTerm:False] Input device 1: MacBook Air Microphone
2025-10-04 16:15:30,811 - audio_debug - DEBUG - [Unknown|iTerm:False] Input device 3: Microsoft Teams Audio
2025-10-04 16:15:30,811 - audio_debug - DEBUG - [Unknown|iTerm:False] Selected input device: 1
2025-10-04 16:19:35,943 - audio_debug - DEBUG - [vscode|iTerm:False] Initializing AudioRecorder
2025-10-04 16:19:35,944 - audio_debug - DEBUG - [vscode|iTerm:False] Sample rate: 16000, Chunk size: 1024
2025-10-04 16:19:35,944 - audio_debug - DEBUG - [vscode|iTerm:False] Creating PyAudio instance
2025-10-04 16:19:36,047 - audio_debug - DEBUG - [vscode|iTerm:False] PyAudio instance created
2025-10-04 16:19:36,047 - audio_debug - DEBUG - [vscode|iTerm:False] Finding input device
2025-10-04 16:19:36,047 - audio_debug - DEBUG - [vscode|iTerm:False] Starting input device search
2025-10-04 16:19:36,047 - audio_debug - DEBUG - [vscode|iTerm:False] Found 4 audio devices
2025-10-04 16:19:36,047 - audio_debug - DEBUG - [vscode|iTerm:False] Input device 0: Arshdeep’s iPhone Microphone
2025-10-04 16:19:36,047 - audio_debug - DEBUG - [vscode|iTerm:False] Input device 1: MacBook Air Microphone
2025-10-04 16:19:36,047 - audio_debug - DEBUG - [vscode|iTerm:False] Input device 3: Microsoft Teams Audio
2025-10-04 16:19:36,047 - audio_debug - DEBUG - [vscode|iTerm:False] Selected input device: 1
2025-10-04 16:25:23,922 - audio_debug - DEBUG - [iTerm.app|iTerm:True] Initializing AudioRecorder
2025-10-04 16:25:23,922 - audio_debug - DEBUG - [iTerm.app|iTerm:True] Sample rate: 16000, Chunk size: 1024
2025-10-04 16:25:23,922 - audio_debug - DEBUG - [iTerm.app|iTerm:True] Creating PyAudio instance
2025-10-04 16:25:24,131 - audio_debug - DEBUG - [iTerm.app|iTerm:True] PyAudio instance created
2025-10-04 16:25:24,131 - audio_debug - DEBUG - [iTerm.app|iTerm:True] Finding input device
2025-10-04 16:25:24,131 - audio_debug - DEBUG - [iTerm.app|iTerm:True] Starting input device search
2025-10-04 16:25:24,132 - audio_debug - DEBUG - [iTerm.app|iTerm:True] Found 4 audio devices
2025-10-04 16:25:24,132 - audio_debug - DEBUG - [iTerm.app|iTerm:True] Input device 0: Arshdeep’s iPhone Microphone
2025-10-04 16:25:24,132 - audio_debug - DEBUG - [iTerm.app|iTerm:True] Input device 1: MacBook Air Microphone
2025-10-04 16:25:24,132 - audio_debug - DEBUG - [iTerm.app|iTerm:True] Input device 3: Microsoft Teams Audio
2025-10-04 16:25:24,133 - audio_debug - DEBUG - [iTerm.app|iTerm:True] Selected input device: 1
2025-10-04 16:30:29,656 - audio_debug - DEBUG - [vscode|iTerm:False] Initializing AudioRecorder
2025-10-04 16:30:29,657 - audio_debug - DEBUG - [vscode|iTerm:False] Sample rate: 16000, Chunk size: 1024
2025-10-04 16:30:29,657 - audio_debug - DEBUG - [vscode|iTerm:False] Creating PyAudio instance
2025-10-04 16:30:29,783 - audio_debug - DEBUG - [vscode|iTerm:False] PyAudio instance created
2025-10-04 16:30:29,783 - audio_debug - DEBUG - [vscode|iTerm:False] Finding input device
2025-10-04 16:30:29,783 - audio_debug - DEBUG - [vscode|iTerm:False] Starting input device search
2025-10-04 16:30:29,783 - audio_debug - DEBUG - [vscode|iTerm:False] Found 4 audio devices
2025-10-04 16:30:29,783 - audio_debug - DEBUG - [vscode|iTerm:False] Input device 0: Arshdeep’s iPhone Microphone
2025-10-04 16:30:29,783 - audio_debug - DEBUG - [vscode|iTerm:False] Input device 1: MacBook Air Microphone
2025-10-04 16:30:29,783 - audio_debug - DEBUG - [vscode|iTerm:False] Input device 3: Microsoft Teams Audio
2025-10-04 16:30:29,783 - audio_debug - DEBUG - [vscode|iTerm:False] Selected input device: 1
2025-10-04 16:33:49,595 - audio_debug - DEBUG - [vscode|iTerm:False] Initializing AudioRecorder
2025-10-04 16:33:49,595 - audio_debug - DEBUG - [vscode|iTerm:False] Sample rate: 16000, Chunk size: 1024
2025-10-04 16:33:49,595 - audio_debug - DEBUG - [vscode|iTerm:False] Creating PyAudio instance
2025-10-04 16:33:49,739 - audio_debug - DEBUG - [vscode|iTerm:False] PyAudio instance created
2025-10-04 16:33:49,739 - audio_debug - DEBUG - [vscode|iTerm:False] Finding input device
2025-10-04 16:33:49,739 - audio_debug - DEBUG - [vscode|iTerm:False] Starting input device search
2025-10-04 16:33:49,739 - audio_debug - DEBUG - [vscode|iTerm:False] Found 4 audio devices
2025-10-04 16:33:49,739 - audio_debug - DEBUG - [vscode|iTerm:False] Input device 0: Arshdeep’s iPhone Microphone
2025-10-04 16:33:49,739 - audio_debug - DEBUG - [vscode|iTerm:False] Input device 1: MacBook Air Microphone
2025-10-04 16:33:49,739 - audio_debug - DEBUG - [vscode|iTerm:False] Input device 3: Microsoft Teams Audio
2025-10-04 16:33:49,739 - audio_debug - DEBUG - [vscode|iTerm:False] Selected input device: 1
2025-10-04 16:34:23,724 - audio_debug - DEBUG - [iTerm.app|iTerm:True] Initializing AudioRecorder
2025-10-04 16:34:23,724 - audio_debug - DEBUG - [iTerm.app|iTerm:True] Sample rate: 16000, Chunk size: 1024
2025-10-04 16:34:23,724 - audio_debug - DEBUG - [iTerm.app|iTerm:True] Creating PyAudio instance
2025-10-04 16:34:23,948 - audio_debug - DEBUG - [iTerm.app|iTerm:True] PyAudio instance created
2025-10-04 16:34:23,948 - audio_debug - DEBUG - [iTerm.app|iTerm:True] Finding input device
2025-10-04 16:34:23,948 - audio_debug - DEBUG - [iTerm.app|iTerm:True] Starting input device search
2025-10-04 16:34:23,948 - audio_debug - DEBUG - [iTerm.app|iTerm:True] Found 4 audio devices
2025-10-04 16:34:23,949 - audio_debug - DEBUG - [iTerm.app|iTerm:True] Input device 0: Arshdeep’s iPhone Microphone
2025-10-04 16:34:23,949 - audio_debug - DEBUG - [iTerm.app|iTerm:True] Input device 1: MacBook Air Microphone
2025-10-04 16:34:23,949 - audio_debug - DEBUG - [iTerm.app|iTerm:True] Input device 3: Microsoft Teams Audio
2025-10-04 16:34:23,949 - audio_debug - DEBUG - [iTerm.app|iTerm:True] Selected input device: 1
2025-10-04 16:37:00,602 - audio_debug - DEBUG - [vscode|iTerm:False] Initializing AudioRecorder
2025-10-04 16:37:00,602 - audio_debug - DEBUG - [vscode|iTerm:False] Sample rate: 16000, Chunk size: 1024
2025-10-04 16:37:00,602 - audio_debug - DEBUG - [vscode|iTerm:False] Creating PyAudio instance
2025-10-04 16:37:00,733 - audio_debug - DEBUG - [vscode|iTerm:False] PyAudio instance created
2025-10-04 16:37:00,733 - audio_debug - DEBUG - [vscode|iTerm:False] Finding input device
2025-10-04 16:37:00,733 - audio_debug - DEBUG - [vscode|iTerm:False] Starting input device search
2025-10-04 16:37:00,733 - audio_debug - DEBUG - [vscode|iTerm:False] Found 4 audio devices
2025-10-04 16:37:00,733 - audio_debug - DEBUG - [vscode|iTerm:False] Input device 0: Arshdeep’s iPhone Microphone
2025-10-04 16:37:00,733 - audio_debug - DEBUG - [vscode|iTerm:False] Input device 1: MacBook Air Microphone
2025-10-04 16:37:00,733 - audio_debug - DEBUG - [vscode|iTerm:False] Input device 3: Microsoft Teams Audio
2025-10-04 16:37:00,734 - audio_debug - DEBUG - [vscode|iTerm:False] Selected input device: 1
2025-10-04 16:46:41,396 - audio_debug - DEBUG - [iTerm.app|iTerm:True] Initializing AudioRecorder
2025-10-04 16:46:41,396 - audio_debug - DEBUG - [iTerm.app|iTerm:True] Sample rate: 16000, Chunk size: 1024
2025-10-04 16:46:41,396 - audio_debug - DEBUG - [iTerm.app|iTerm:True] Creating PyAudio instance
2025-10-04 16:46:41,651 - audio_debug - DEBUG - [iTerm.app|iTerm:True] PyAudio instance created
2025-10-04 16:46:41,651 - audio_debug - DEBUG - [iTerm.app|iTerm:True] Finding input device
2025-10-04 16:46:41,652 - audio_debug - DEBUG - [iTerm.app|iTerm:True] Starting input device search
2025-10-04 16:46:41,653 - audio_debug - DEBUG - [iTerm.app|iTerm:True] Found 4 audio devices
2025-10-04 16:46:41,653 - audio_debug - DEBUG - [iTerm.app|iTerm:True] Input device 0: Arshdeep’s iPhone Microphone
2025-10-04 16:46:41,661 - audio_debug - DEBUG - [iTerm.app|iTerm:True] Input device 1: MacBook Air Microphone
2025-10-04 16:46:41,662 - audio_debug - DEBUG - [iTerm.app|iTerm:True] Input device 3: Microsoft Teams Audio
2025-10-04 16:46:41,662 - audio_debug - DEBUG - [iTerm.app|iTerm:True] Selected input device: 1
2025-10-04 16:50:38,779 - audio_debug - DEBUG - [iTerm.app|iTerm:True] Initializing AudioRecorder
2025-10-04 16:50:38,780 - audio_debug - DEBUG - [iTerm.app|iTerm:True] Sample rate: 16000, Chunk size: 1024
2025-10-04 16:50:38,780 - audio_debug - DEBUG - [iTerm.app|iTerm:True] Creating PyAudio instance
2025-10-04 16:50:39,006 - audio_debug - DEBUG - [iTerm.app|iTerm:True] PyAudio instance created
2025-10-04 16:50:39,006 - audio_debug - DEBUG - [iTerm.app|iTerm:True] Finding input device
2025-10-04 16:50:39,007 - audio_debug - DEBUG - [iTerm.app|iTerm:True] Starting input device search
2025-10-04 16:50:39,007 - audio_debug - DEBUG - [iTerm.app|iTerm:True] Found 4 audio devices
2025-10-04 16:50:39,007 - audio_debug - DEBUG - [iTerm.app|iTerm:True] Input device 0: Arshdeep’s iPhone Microphone
2025-10-04 16:50:39,007 - audio_debug - DEBUG - [iTerm.app|iTerm:True] Input device 1: MacBook Air Microphone
2025-10-04 16:50:39,007 - audio_debug - DEBUG - [iTerm.app|iTerm:True] Input device 3: Microsoft Teams Audio
2025-10-04 16:50:39,007 - audio_debug - DEBUG - [iTerm.app|iTerm:True] Selected input device: 1
2025-10-04 16:52:18,996 - audio_debug - DEBUG - [iTerm.app|iTerm:True] Initializing AudioRecorder
2025-10-04 16:52:18,996 - audio_debug - DEBUG - [iTerm.app|iTerm:True] Sample rate: 16000, Chunk size: 1024
2025-10-04 16:52:18,996 - audio_debug - DEBUG - [iTerm.app|iTerm:True] Creating PyAudio instance
2025-10-04 16:52:19,257 - audio_debug - DEBUG - [iTerm.app|iTerm:True] PyAudio instance created
2025-10-04 16:52:19,257 - audio_debug - DEBUG - [iTerm.app|iTerm:True] Finding input device
2025-10-04 16:52:19,257 - audio_debug - DEBUG - [iTerm.app|iTerm:True] Starting input device search
2025-10-04 16:52:19,257 - audio_debug - DEBUG - [iTerm.app|iTerm:True] Found 4 audio devices
2025-10-04 16:52:19,258 - audio_debug - DEBUG - [iTerm.app|iTerm:True] Input device 0: Arshdeep’s iPhone Microphone
2025-10-04 16:52:19,258 - audio_debug - DEBUG - [iTerm.app|iTerm:True] Input device 1: MacBook Air Microphone
2025-10-04 16:52:19,258 - audio_debug - DEBUG - [iTerm.app|iTerm:True] Input device 3: Microsoft Teams Audio
2025-10-04 16:52:19,258 - audio_debug - DEBUG - [iTerm.app|iTerm:True] Selected input device: 1
2025-10-04 16:55:06,109 - audio_debug - DEBUG - [iTerm.app|iTerm:True] Initializing AudioRecorder
2025-10-04 16:55:06,109 - audio_debug - DEBUG - [iTerm.app|iTerm:True] Sample rate: 16000, Chunk size: 1024
2025-10-04 16:55:06,109 - audio_debug - DEBUG - [iTerm.app|iTerm:True] Creating PyAudio instance
2025-10-04 16:55:06,327 - audio_debug - DEBUG - [iTerm.app|iTerm:True] PyAudio instance created
2025-10-04 16:55:06,327 - audio_debug - DEBUG - [iTerm.app|iTerm:True] Finding input device
2025-10-04 16:55:06,327 - audio_debug - DEBUG - [iTerm.app|iTerm:True] Starting input device search
2025-10-04 16:55:06,327 - audio_debug - DEBUG - [iTerm.app|iTerm:True] Found 4 audio devices
2025-10-04 16:55:06,328 - audio_debug - DEBUG - [iTerm.app|iTerm:True] Input device 0: Arshdeep’s iPhone Microphone
2025-10-04 16:55:06,328 - audio_debug - DEBUG - [iTerm.app|iTerm:True] Input device 1: MacBook Air Microphone
2025-10-04 16:55:06,328 - audio_debug - DEBUG - [iTerm.app|iTerm:True] Input device 3: Microsoft Teams Audio
2025-10-04 16:55:06,329 - audio_debug - DEBUG - [iTerm.app|iTerm:True] Selected input device: 1
2025-10-04 17:07:08,437 - audio_debug - DEBUG - [iTerm.app|iTerm:True] Initializing AudioRecorder
2025-10-04 17:07:08,437 - audio_debug - DEBUG - [iTerm.app|iTerm:True] Sample rate: 16000, Chunk size: 1024
2025-10-04 17:07:08,437 - audio_debug - DEBUG - [iTerm.app|iTerm:True] Creating PyAudio instance
2025-10-04 17:07:08,664 - audio_debug - DEBUG - [iTerm.app|iTerm:True] PyAudio instance created
2025-10-04 17:07:08,665 - audio_debug - DEBUG - [iTerm.app|iTerm:True] Finding input device
2025-10-04 17:07:08,665 - audio_debug - DEBUG - [iTerm.app|iTerm:True] Starting input device search
2025-10-04 17:07:08,665 - audio_debug - DEBUG - [iTerm.app|iTerm:True] Found 4 audio devices
2025-10-04 17:07:08,665 - audio_debug - DEBUG - [iTerm.app|iTerm:True] Input device 0: Arshdeep’s iPhone Microphone
2025-10-04 17:07:08,666 - audio_debug - DEBUG - [iTerm.app|iTerm:True] Input device 1: MacBook Air Microphone
2025-10-04 17:07:08,666 - audio_debug - DEBUG - [iTerm.app|iTerm:True] Input device 3: Microsoft Teams Audio
2025-10-04 17:07:08,666 - audio_debug - DEBUG - [iTerm.app|iTerm:True] Selected input device: 1
2025-10-04 17:14:56,477 - audio_debug - DEBUG - [iTerm.app|iTerm:True] Initializing AudioRecorder
2025-10-04 17:14:56,478 - audio_debug - DEBUG - [iTerm.app|iTerm:True] Sample rate: 16000, Chunk size: 1024
2025-10-04 17:14:56,478 - audio_debug - DEBUG - [iTerm.app|iTerm:True] Creating PyAudio instance
2025-10-04 17:14:56,759 - audio_debug - DEBUG - [iTerm.app|iTerm:True] PyAudio instance created
2025-10-04 17:14:56,759 - audio_debug - DEBUG - [iTerm.app|iTerm:True] Finding input device
2025-10-04 17:14:56,759 - audio_debug - DEBUG - [iTerm.app|iTerm:True] Starting input device search
2025-10-04 17:14:56,784 - audio_debug - DEBUG - [iTerm.app|iTerm:True] Found 4 audio devices
2025-10-04 17:14:56,785 - audio_debug - DEBUG - [iTerm.app|iTerm:True] Input device 0: Arshdeep’s iPhone Microphone
2025-10-04 17:14:56,786 - audio_debug - DEBUG - [iTerm.app|iTerm:True] Input device 1: MacBook Air Microphone
2025-10-04 17:14:56,787 - audio_debug - DEBUG - [iTerm.app|iTerm:True] Input device 3: Microsoft Teams Audio
2025-10-04 17:14:56,787 - audio_debug - DEBUG - [iTerm.app|iTerm:True] Selected input device: 1
2025-10-04 17:14:59,438 - audio_debug - DEBUG - [iTerm.app|iTerm:True] start_recording() called
2025-10-04 17:14:59,439 - audio_debug - DEBUG - [iTerm.app|iTerm:True] Starting recording with device 1
2025-10-04 17:14:59,439 - audio_debug - DEBUG - [iTerm.app|iTerm:True] Opening audio stream
2025-10-04 17:16:43,372 - audio_debug - DEBUG - [iTerm.app|iTerm:True] Initializing AudioRecorder
2025-10-04 17:16:43,372 - audio_debug - DEBUG - [iTerm.app|iTerm:True] Sample rate: 16000, Chunk size: 1024
2025-10-04 17:16:43,372 - audio_debug - DEBUG - [iTerm.app|iTerm:True] Creating PyAudio instance
2025-10-04 17:16:43,959 - audio_debug - DEBUG - [iTerm.app|iTerm:True] PyAudio instance created
2025-10-04 17:16:43,959 - audio_debug - DEBUG - [iTerm.app|iTerm:True] Finding input device
2025-10-04 17:16:43,959 - audio_debug - DEBUG - [iTerm.app|iTerm:True] Starting input device search
2025-10-04 17:16:43,960 - audio_debug - DEBUG - [iTerm.app|iTerm:True] Found 4 audio devices
2025-10-04 17:16:43,960 - audio_debug - DEBUG - [iTerm.app|iTerm:True] Input device 0: Arshdeep’s iPhone Microphone
2025-10-04 17:16:43,960 - audio_debug - DEBUG - [iTerm.app|iTerm:True] Input device 1: MacBook Air Microphone
2025-10-04 17:16:43,961 - audio_debug - DEBUG - [iTerm.app|iTerm:True] Input device 3: Microsoft Teams Audio
2025-10-04 17:16:43,961 - audio_debug - DEBUG - [iTerm.app|iTerm:True] Selected input device: 1
2025-10-04 17:16:55,258 - audio_debug - DEBUG - [iTerm.app|iTerm:True] start_recording() called
2025-10-04 17:16:55,259 - audio_debug - DEBUG - [iTerm.app|iTerm:True] Starting recording with device 1
2025-10-04 17:16:55,259 - audio_debug - DEBUG - [iTerm.app|iTerm:True] Opening audio stream
2025-10-04 17:18:39,504 - audio_debug - DEBUG - [iTerm.app|iTerm:True] Initializing AudioRecorder
2025-10-04 17:18:39,504 - audio_debug - DEBUG - [iTerm.app|iTerm:True] Sample rate: 16000, Chunk size: 1024
2025-10-04 17:18:39,504 - audio_debug - DEBUG - [iTerm.app|iTerm:True] Creating PyAudio instance
2025-10-04 17:18:39,718 - audio_debug - DEBUG - [iTerm.app|iTerm:True] PyAudio instance created
2025-10-04 17:18:39,718 - audio_debug - DEBUG - [iTerm.app|iTerm:True] Finding input device
2025-10-04 17:18:39,718 - audio_debug - DEBUG - [iTerm.app|iTerm:True] Starting input device search
2025-10-04 17:18:39,718 - audio_debug - DEBUG - [iTerm.app|iTerm:True] Found 4 audio devices
2025-10-04 17:18:39,719 - audio_debug - DEBUG - [iTerm.app|iTerm:True] Input device 0: Arshdeep’s iPhone Microphone
2025-10-04 17:18:39,719 - audio_debug - DEBUG - [iTerm.app|iTerm:True] Input device 1: MacBook Air Microphone
2025-10-04 17:18:39,719 - audio_debug - DEBUG - [iTerm.app|iTerm:True] Input device 3: Microsoft Teams Audio
2025-10-04 17:18:39,719 - audio_debug - DEBUG - [iTerm.app|iTerm:True] Selected input device: 1
2025-10-04 17:19:36,534 - audio_debug - DEBUG - [iTerm.app|iTerm:True] start_recording() called
2025-10-04 17:19:36,535 - audio_debug - DEBUG - [iTerm.app|iTerm:True] Starting recording with device 1
2025-10-04 17:19:36,536 - audio_debug - DEBUG - [iTerm.app|iTerm:True] Opening audio stream
2025-10-04 17:19:44,328 - audio_debug - DEBUG - [iTerm.app|iTerm:True] Trying English model for transcription
2025-10-04 17:22:32,098 - audio_debug - DEBUG - [iTerm.app|iTerm:True] Initializing AudioRecorder
2025-10-04 17:22:32,099 - audio_debug - DEBUG - [iTerm.app|iTerm:True] Sample rate: 16000, Chunk size: 1024
2025-10-04 17:22:32,099 - audio_debug - DEBUG - [iTerm.app|iTerm:True] Creating PyAudio instance
2025-10-04 17:22:32,321 - audio_debug - DEBUG - [iTerm.app|iTerm:True] PyAudio instance created
2025-10-04 17:22:32,322 - audio_debug - DEBUG - [iTerm.app|iTerm:True] Finding input device
2025-10-04 17:22:32,322 - audio_debug - DEBUG - [iTerm.app|iTerm:True] Starting input device search
2025-10-04 17:22:32,322 - audio_debug - DEBUG - [iTerm.app|iTerm:True] Found 4 audio devices
2025-10-04 17:22:32,322 - audio_debug - DEBUG - [iTerm.app|iTerm:True] Input device 0: Arshdeep’s iPhone Microphone
2025-10-04 17:22:32,322 - audio_debug - DEBUG - [iTerm.app|iTerm:True] Input device 1: MacBook Air Microphone
2025-10-04 17:22:32,322 - audio_debug - DEBUG - [iTerm.app|iTerm:True] Input device 3: Microsoft Teams Audio
2025-10-04 17:22:32,323 - audio_debug - DEBUG - [iTerm.app|iTerm:True] Selected input device: 1
2025-10-04 17:22:43,190 - audio_debug - DEBUG - [iTerm.app|iTerm:True] start_recording() called
2025-10-04 17:22:43,192 - audio_debug - DEBUG - [iTerm.app|iTerm:True] Starting recording with device 1
2025-10-04 17:22:43,192 - audio_debug - DEBUG - [iTerm.app|iTerm:True] Opening audio stream
2025-10-04 17:22:54,714 - audio_debug - DEBUG - [iTerm.app|iTerm:True] Trying English model for transcription
2025-10-04 17:26:56,613 - audio_debug - DEBUG - [vscode|iTerm:False] Initializing AudioRecorder
2025-10-04 17:26:56,613 - audio_debug - DEBUG - [vscode|iTerm:False] Sample rate: 16000, Chunk size: 1024
2025-10-04 17:26:56,614 - audio_debug - DEBUG - [vscode|iTerm:False] Creating PyAudio instance
2025-10-04 17:26:56,735 - audio_debug - DEBUG - [vscode|iTerm:False] PyAudio instance created
2025-10-04 17:26:56,735 - audio_debug - DEBUG - [vscode|iTerm:False] Finding input device
2025-10-04 17:26:56,736 - audio_debug - DEBUG - [vscode|iTerm:False] Starting input device search
2025-10-04 17:26:56,736 - audio_debug - DEBUG - [vscode|iTerm:False] Found 4 audio devices
2025-10-04 17:26:56,736 - audio_debug - DEBUG - [vscode|iTerm:False] Input device 0: Arshdeep’s iPhone Microphone
2025-10-04 17:26:56,736 - audio_debug - DEBUG - [vscode|iTerm:False] Input device 1: MacBook Air Microphone
2025-10-04 17:26:56,736 - audio_debug - DEBUG - [vscode|iTerm:False] Input device 3: Microsoft Teams Audio
2025-10-04 17:26:56,736 - audio_debug - DEBUG - [vscode|iTerm:False] Selected input device: 1
2025-10-04 17:27:11,750 - audio_debug - DEBUG - [vscode|iTerm:False] start_recording() called
2025-10-04 17:27:11,751 - audio_debug - DEBUG - [vscode|iTerm:False] Starting recording with device 1
2025-10-04 17:27:11,752 - audio_debug - DEBUG - [vscode|iTerm:False] Opening audio stream
2025-10-04 17:27:21,574 - audio_debug - DEBUG - [vscode|iTerm:False] Loading English Vosk model
2025-10-04 17:27:35,544 - audio_debug - DEBUG - [vscode|iTerm:False] English model loaded successfully
2025-10-04 17:27:35,549 - audio_debug - DEBUG - [vscode|iTerm:False] Loading Hindi Vosk model
2025-10-04 17:27:42,571 - audio_debug - DEBUG - [vscode|iTerm:False] Hindi model loaded successfully
2025-10-04 17:27:42,644 - audio_debug - DEBUG - [vscode|iTerm:False] Trying English model for transcription
2025-10-04 17:27:47,611 - audio_debug - DEBUG - [vscode|iTerm:False] Trying Hindi model for transcription
2025-10-04 17:27:48,650 - audio_debug - DEBUG - [vscode|iTerm:False] Hindi transcription: 'दस'
2025-10-04 17:27:48,651 - audio_debug - DEBUG - [vscode|iTerm:False] Using Hindi transcription
2025-10-04 17:28:00,922 - audio_debug - DEBUG - [vscode|iTerm:False] start_recording() called
2025-10-04 17:28:00,925 - audio_debug - DEBUG - [vscode|iTerm:False] Starting recording with device 1
2025-10-04 17:28:00,925 - audio_debug - DEBUG - [vscode|iTerm:False] Opening audio stream
2025-10-04 17:28:06,937 - audio_debug - DEBUG - [vscode|iTerm:False] Trying English model for transcription
2025-10-04 17:28:08,328 - audio_debug - DEBUG - [vscode|iTerm:False] Trying Hindi model for transcription
2025-10-04 17:28:09,111 - audio_debug - WARNING - [vscode|iTerm:False] No speech detected in recording
2025-10-04 17:28:17,127 - audio_debug - DEBUG - [vscode|iTerm:False] start_recording() called
2025-10-04 17:28:17,128 - audio_debug - DEBUG - [vscode|iTerm:False] Starting recording with device 1
2025-10-04 17:28:17,128 - audio_debug - DEBUG - [vscode|iTerm:False] Opening audio stream
2025-10-04 17:28:24,508 - audio_debug - DEBUG - [vscode|iTerm:False] Trying English model for transcription
2025-10-04 17:28:26,142 - audio_debug - DEBUG - [vscode|iTerm:False] Trying Hindi model for transcription
2025-10-04 17:28:27,321 - audio_debug - WARNING - [vscode|iTerm:False] No speech detected in recording
2025-10-04 17:28:37,464 - audio_debug - DEBUG - [vscode|iTerm:False] Vosk models cleaned up
2025-10-04 17:28:38,058 - audio_debug - DEBUG - [vscode|iTerm:False] Vosk models cleaned up
2025-10-04 17:29:19,113 - audio_debug - DEBUG - [iTerm.app|iTerm:True] Initializing AudioRecorder
2025-10-04 17:29:19,113 - audio_debug - DEBUG - [iTerm.app|iTerm:True] Sample rate: 16000, Chunk size: 1024
2025-10-04 17:29:19,113 - audio_debug - DEBUG - [iTerm.app|iTerm:True] Creating PyAudio instance
2025-10-04 17:29:19,302 - audio_debug - DEBUG - [iTerm.app|iTerm:True] PyAudio instance created
2025-10-04 17:29:19,302 - audio_debug - DEBUG - [iTerm.app|iTerm:True] Finding input device
2025-10-04 17:29:19,302 - audio_debug - DEBUG - [iTerm.app|iTerm:True] Starting input device search
2025-10-04 17:29:19,302 - audio_debug - DEBUG - [iTerm.app|iTerm:True] Found 4 audio devices
2025-10-04 17:29:19,303 - audio_debug - DEBUG - [iTerm.app|iTerm:True] Input device 0: Arshdeep’s iPhone Microphone
2025-10-04 17:29:19,303 - audio_debug - DEBUG - [iTerm.app|iTerm:True] Input device 1: MacBook Air Microphone
2025-10-04 17:29:19,303 - audio_debug - DEBUG - [iTerm.app|iTerm:True] Input device 3: Microsoft Teams Audio
2025-10-04 17:29:19,303 - audio_debug - DEBUG - [iTerm.app|iTerm:True] Selected input device: 1
2025-10-04 17:29:32,817 - audio_debug - DEBUG - [iTerm.app|iTerm:True] start_recording() called
2025-10-04 17:29:32,818 - audio_debug - DEBUG - [iTerm.app|iTerm:True] Starting recording with device 1
2025-10-04 17:29:32,818 - audio_debug - DEBUG - [iTerm.app|iTerm:True] Opening audio stream
2025-10-04 17:29:40,252 - audio_debug - DEBUG - [iTerm.app|iTerm:True] Loading English Vosk model
2025-10-04 18:01:32,018 - audio_debug - DEBUG - [vscode|iTerm:False] Initializing AudioRecorder
2025-10-04 18:01:32,019 - audio_debug - DEBUG - [vscode|iTerm:False] Sample rate: 16000, Chunk size: 1024
2025-10-04 18:01:32,019 - audio_debug - DEBUG - [vscode|iTerm:False] Creating PyAudio instance
2025-10-04 18:01:32,468 - audio_debug - DEBUG - [vscode|iTerm:False] PyAudio instance created
2025-10-04 18:01:32,468 - audio_debug - DEBUG - [vscode|iTerm:False] Finding input device
2025-10-04 18:01:32,468 - audio_debug - DEBUG - [vscode|iTerm:False] Starting input device search
2025-10-04 18:01:32,468 - audio_debug - DEBUG - [vscode|iTerm:False] Found 4 audio devices
2025-10-04 18:01:32,469 - audio_debug - DEBUG - [vscode|iTerm:False] Input device 0: Arshdeep’s iPhone Microphone
2025-10-04 18:01:32,469 - audio_debug - DEBUG - [vscode|iTerm:False] Input device 1: MacBook Air Microphone
2025-10-04 18:01:32,469 - audio_debug - DEBUG - [vscode|iTerm:False] Input device 3: Microsoft Teams Audio
2025-10-04 18:01:32,469 - audio_debug - DEBUG - [vscode|iTerm:False] Selected input device: 1
2025-10-04 18:01:53,546 - audio_debug - DEBUG - [vscode|iTerm:False] start_recording() called
2025-10-04 18:01:53,548 - audio_debug - DEBUG - [vscode|iTerm:False] Starting recording with device 1
2025-10-04 18:01:53,548 - audio_debug - DEBUG - [vscode|iTerm:False] Opening audio stream
2025-10-04 18:02:05,715 - audio_debug - DEBUG - [vscode|iTerm:False] Loading English Vosk model
2025-10-04 18:03:23,158 - audio_debug - DEBUG - [vscode|iTerm:False] Initializing AudioRecorder
2025-10-04 18:03:23,158 - audio_debug - DEBUG - [vscode|iTerm:False] Sample rate: 16000, Chunk size: 1024
2025-10-04 18:03:23,158 - audio_debug - DEBUG - [vscode|iTerm:False] Creating PyAudio instance
2025-10-04 18:03:23,338 - audio_debug - DEBUG - [vscode|iTerm:False] PyAudio instance created
2025-10-04 18:03:23,339 - audio_debug - DEBUG - [vscode|iTerm:False] Finding input device
2025-10-04 18:03:23,339 - audio_debug - DEBUG - [vscode|iTerm:False] Starting input device search
2025-10-04 18:03:23,339 - audio_debug - DEBUG - [vscode|iTerm:False] Found 3 audio devices
2025-10-04 18:03:23,339 - audio_debug - DEBUG - [vscode|iTerm:False] Input device 0: MacBook Air Microphone
2025-10-04 18:03:23,339 - audio_debug - DEBUG - [vscode|iTerm:False] Input device 2: Microsoft Teams Audio
2025-10-04 18:03:23,339 - audio_debug - DEBUG - [vscode|iTerm:False] Selected input device: 0
2025-10-04 18:03:36,041 - audio_debug - DEBUG - [vscode|iTerm:False] start_recording() called
2025-10-04 18:03:36,042 - audio_debug - DEBUG - [vscode|iTerm:False] Starting recording with device 0
2025-10-04 18:03:36,042 - audio_debug - DEBUG - [vscode|iTerm:False] Opening audio stream
2025-10-04 18:03:41,341 - audio_debug - DEBUG - [vscode|iTerm:False] Loading English Vosk model
2025-10-05 15:30:31,703 - audio_debug - DEBUG - [vscode|iTerm:False] Initializing AudioRecorder
2025-10-05 15:30:31,704 - audio_debug - DEBUG - [vscode|iTerm:False] Sample rate: 16000, Chunk size: 1024
2025-10-05 15:30:31,704 - audio_debug - DEBUG - [vscode|iTerm:False] Creating PyAudio instance
2025-10-05 15:30:31,933 - audio_debug - DEBUG - [vscode|iTerm:False] PyAudio instance created
2025-10-05 15:30:31,933 - audio_debug - DEBUG - [vscode|iTerm:False] Finding input device
2025-10-05 15:30:31,933 - audio_debug - DEBUG - [vscode|iTerm:False] Starting input device search
2025-10-05 15:30:31,933 - audio_debug - DEBUG - [vscode|iTerm:False] Found 4 audio devices
2025-10-05 15:30:31,933 - audio_debug - DEBUG - [vscode|iTerm:False] Input device 0: Arshdeep’s iPhone Microphone
2025-10-05 15:30:31,933 - audio_debug - DEBUG - [vscode|iTerm:False] Input device 1: MacBook Air Microphone
2025-10-05 15:30:31,933 - audio_debug - DEBUG - [vscode|iTerm:False] Input device 3: Microsoft Teams Audio
2025-10-05 15:30:31,933 - audio_debug - DEBUG - [vscode|iTerm:False] Selected input device: 1
2025-10-05 15:30:41,125 - audio_debug - DEBUG - [vscode|iTerm:False] Vosk models cleaned up
